0 info it worked if it ends with ok
1 verbose cli [ '/Users/ryota/.node/nvm/v0.8.8/bin/node',
1 verbose cli   '/Users/ryota/.node/nvm/v0.8.8/bin/npm',
1 verbose cli   'publish' ]
2 info using npm@1.1.59
3 info using node@v0.8.8
4 verbose publish [ '.' ]
5 verbose read json /Users/ryota/dev/qs5/mongoose-poll/package.json
6 verbose cache add [ '.', null ]
7 silly cache add name=undefined spec="." args=[".",null]
8 verbose parsed url { pathname: '.', path: '.', href: '.' }
9 silly lockFile 3a52ce78- .
10 verbose lock . /Users/ryota/.npm/3a52ce78-.lock
11 verbose read json package.json
12 verbose tar pack [ '/var/folders/p3/p37KHxeRG+msYyJJH1P8xk+++TI/-Tmp-/npm-60743/1353593233118-0.4921757662668824/tmp.tgz',
12 verbose tar pack   '.' ]
13 verbose tarball /var/folders/p3/p37KHxeRG+msYyJJH1P8xk+++TI/-Tmp-/npm-60743/1353593233118-0.4921757662668824/tmp.tgz
14 verbose folder .
15 info prepublish mongoose-poll@0.0.0
16 silly lockFile 5dc61df9-33118-0-4921757662668824-tmp-tgz /var/folders/p3/p37KHxeRG+msYyJJH1P8xk+++TI/-Tmp-/npm-60743/1353593233118-0.4921757662668824/tmp.tgz
17 verbose lock /var/folders/p3/p37KHxeRG+msYyJJH1P8xk+++TI/-Tmp-/npm-60743/1353593233118-0.4921757662668824/tmp.tgz /Users/ryota/.npm/5dc61df9-33118-0-4921757662668824-tmp-tgz.lock
18 silly lockFile 5dc61df9-33118-0-4921757662668824-tmp-tgz /var/folders/p3/p37KHxeRG+msYyJJH1P8xk+++TI/-Tmp-/npm-60743/1353593233118-0.4921757662668824/tmp.tgz
19 verbose tar unpack /var/folders/p3/p37KHxeRG+msYyJJH1P8xk+++TI/-Tmp-/npm-60743/1353593233118-0.4921757662668824/tmp.tgz
20 silly lockFile 66f61b8a-33118-0-4921757662668824-package /var/folders/p3/p37KHxeRG+msYyJJH1P8xk+++TI/-Tmp-/npm-60743/1353593233118-0.4921757662668824/package
21 verbose lock /var/folders/p3/p37KHxeRG+msYyJJH1P8xk+++TI/-Tmp-/npm-60743/1353593233118-0.4921757662668824/package /Users/ryota/.npm/66f61b8a-33118-0-4921757662668824-package.lock
22 silly gunzTarPerm modes [ '777', '666' ]
23 silly gunzTarPerm extractEntry package.json
24 silly gunzTarPerm modified mode [ 'package.json', 420, 438 ]
25 silly gunzTarPerm extractEntry .npmignore
26 silly gunzTarPerm modified mode [ '.npmignore', 420, 438 ]
27 silly gunzTarPerm extractEntry README.md
28 silly gunzTarPerm modified mode [ 'README.md', 420, 438 ]
29 silly gunzTarPerm extractEntry lib/plugin.js
30 silly gunzTarPerm modified mode [ 'lib/plugin.js', 420, 438 ]
31 silly gunzTarPerm extractEntry lib/watcher.js
32 silly gunzTarPerm modified mode [ 'lib/watcher.js', 420, 438 ]
33 silly gunzTarPerm extractEntry src/plugin.coffee
34 silly gunzTarPerm modified mode [ 'src/plugin.coffee', 420, 438 ]
35 silly gunzTarPerm extractEntry src/watcher.coffee
36 silly gunzTarPerm modified mode [ 'src/watcher.coffee', 420, 438 ]
37 silly gunzTarPerm extractEntry test/test.coffee
38 silly gunzTarPerm modified mode [ 'test/test.coffee', 420, 438 ]
39 verbose read json /var/folders/p3/p37KHxeRG+msYyJJH1P8xk+++TI/-Tmp-/npm-60743/1353593233118-0.4921757662668824/package/package.json
40 silly lockFile 66f61b8a-33118-0-4921757662668824-package /var/folders/p3/p37KHxeRG+msYyJJH1P8xk+++TI/-Tmp-/npm-60743/1353593233118-0.4921757662668824/package
41 verbose from cache /var/folders/p3/p37KHxeRG+msYyJJH1P8xk+++TI/-Tmp-/npm-60743/1353593233118-0.4921757662668824/package/package.json
42 verbose tar pack [ '/Users/ryota/.npm/mongoose-poll/0.0.0/package.tgz',
42 verbose tar pack   '/var/folders/p3/p37KHxeRG+msYyJJH1P8xk+++TI/-Tmp-/npm-60743/1353593233118-0.4921757662668824/package' ]
43 verbose tarball /Users/ryota/.npm/mongoose-poll/0.0.0/package.tgz
44 verbose folder /var/folders/p3/p37KHxeRG+msYyJJH1P8xk+++TI/-Tmp-/npm-60743/1353593233118-0.4921757662668824/package
45 silly lockFile 584813d8--mongoose-poll-0-0-0-package-tgz /Users/ryota/.npm/mongoose-poll/0.0.0/package.tgz
46 verbose lock /Users/ryota/.npm/mongoose-poll/0.0.0/package.tgz /Users/ryota/.npm/584813d8--mongoose-poll-0-0-0-package-tgz.lock
47 silly lockFile 584813d8--mongoose-poll-0-0-0-package-tgz /Users/ryota/.npm/mongoose-poll/0.0.0/package.tgz
48 silly lockFile c436bdf6--npm-mongoose-poll-0-0-0-package /Users/ryota/.npm/mongoose-poll/0.0.0/package
49 verbose lock /Users/ryota/.npm/mongoose-poll/0.0.0/package /Users/ryota/.npm/c436bdf6--npm-mongoose-poll-0-0-0-package.lock
50 silly lockFile c436bdf6--npm-mongoose-poll-0-0-0-package /Users/ryota/.npm/mongoose-poll/0.0.0/package
51 verbose tar unpack /Users/ryota/.npm/mongoose-poll/0.0.0/package.tgz
52 silly lockFile c436bdf6--npm-mongoose-poll-0-0-0-package /Users/ryota/.npm/mongoose-poll/0.0.0/package
53 verbose lock /Users/ryota/.npm/mongoose-poll/0.0.0/package /Users/ryota/.npm/c436bdf6--npm-mongoose-poll-0-0-0-package.lock
54 silly gunzTarPerm modes [ '777', '666' ]
55 silly gunzTarPerm extractEntry package.json
56 silly gunzTarPerm extractEntry .npmignore
57 silly gunzTarPerm extractEntry README.md
58 silly gunzTarPerm extractEntry lib/plugin.js
59 silly gunzTarPerm extractEntry lib/watcher.js
60 silly gunzTarPerm extractEntry src/plugin.coffee
61 silly gunzTarPerm extractEntry src/watcher.coffee
62 silly gunzTarPerm extractEntry test/test.coffee
63 verbose read json /Users/ryota/.npm/mongoose-poll/0.0.0/package/package.json
64 silly lockFile c436bdf6--npm-mongoose-poll-0-0-0-package /Users/ryota/.npm/mongoose-poll/0.0.0/package
65 silly shasum updated bytes 3367
66 info shasum b6a341421863e06b91189b91174945252347c6a4
66 info shasum /Users/ryota/.npm/mongoose-poll/0.0.0/package.tgz
67 verbose from cache /Users/ryota/.npm/mongoose-poll/0.0.0/package/package.json
68 verbose chmod /Users/ryota/.npm/mongoose-poll/0.0.0/package.tgz 666
69 verbose chown /Users/ryota/.npm/mongoose-poll/0.0.0/package.tgz [ 501, 20 ]
70 silly lockFile 3a52ce78- .
71 silly publish { name: 'mongoose-poll',
71 silly publish   version: '0.0.0',
71 silly publish   description: 'plugin to polling mongoose',
71 silly publish   main: 'lib/plugin.js',
71 silly publish   scripts:
71 silly publish    { test: 'echo "Error: no test specified" && exit 1',
71 silly publish      build: 'coffee -co lib src' },
71 silly publish   dependencies: { underscore: '*', 'coffee-script': '*' },
71 silly publish   devDependencies: { mongoose: '*', vows: '*', assert: '*', sinon: '*', async: '*' },
71 silly publish   repository: '',
71 silly publish   author: { name: 'Ryota Suzuki' },
71 silly publish   license: 'BSD',
71 silly publish   readme: '# mongoose-poll\n\n[Mongoose]( http://mongoosejs.com/ "リンクのタイトル") plugin to polling models\n\n# Usage\n    var poll = require(\'mongoose-poll\');\n\n    var schema = new mongoose.Schema({\n      state: {\n        type: String,\n        enum: [\'init\', \'running\']\n      },\n      scope: String,\n      at: Date,\n    });\n    schema.plugin(poll, {\n      path: \'state\',\n      sort: {at: -1},\n      interval: 100,\n      query: function(){return {at: {\'$lte\': new Date}, scope: \'scope1\'};}\n    });\n\n    var Model = mongoose.model(\'test_model\', schema);\n\n    Model.poll(\'init\', \'running\', function(doc){\n      /* do something*/\n      console.log("### doc found: ", doc);\n    });\n\n    var doc = new Model( {\n      state: \'init\',\n      scope: \'scope1\',\n      at: new Date( (new Date).getTime()+5000)\n    });\n    doc.save()\n',
71 silly publish   _id: 'mongoose-poll@0.0.0',
71 silly publish   dist: { shasum: 'b6a341421863e06b91189b91174945252347c6a4' } }
72 verbose url raw mongoose-poll
73 verbose url resolving [ 'https://registry.npmjs.org/', './mongoose-poll' ]
74 verbose url resolved https://registry.npmjs.org/mongoose-poll
75 info retry registry request attempt 1 at 23:07:13
76 http PUT https://registry.npmjs.org/mongoose-poll
77 http 409 https://registry.npmjs.org/mongoose-poll
78 verbose url raw mongoose-poll
79 verbose url resolving [ 'https://registry.npmjs.org/', './mongoose-poll' ]
80 verbose url resolved https://registry.npmjs.org/mongoose-poll
81 info retry registry request attempt 1 at 23:07:14
82 http GET https://registry.npmjs.org/mongoose-poll
83 http 200 https://registry.npmjs.org/mongoose-poll
84 error publish fail Cannot publish over existing version.
84 error publish fail Bump the 'version' field, set the --force flag, or
84 error publish fail     npm unpublish 'mongoose-poll@0.0.0'
84 error publish fail and try again
85 error System Darwin 10.8.0
86 error command "/Users/ryota/.node/nvm/v0.8.8/bin/node" "/Users/ryota/.node/nvm/v0.8.8/bin/npm" "publish"
87 error cwd /Users/ryota/dev/qs5/mongoose-poll
88 error node -v v0.8.8
89 error npm -v 1.1.59
90 error code EPUBLISHCONFLICT
91 verbose exit [ 1, true ]
